  Main.cpp
c:\users\michal\documents\visual studio 2017\projects\gameoflife — kopia\gameoflife\main.cpp(229): warning C4018: '<': signed/unsigned mismatch
c:\users\michal\documents\visual studio 2017\projects\gameoflife — kopia\gameoflife\main.cpp(230): warning C4018: '<': signed/unsigned mismatch
c:\users\michal\documents\visual studio 2017\projects\gameoflife — kopia\gameoflife\main.cpp(235): warning C4018: '<': signed/unsigned mismatch
c:\users\michal\documents\visual studio 2017\projects\gameoflife — kopia\gameoflife\main.cpp(381): warning C4554: '|': check operator precedence for possible error; use parentheses to clarify precedence
c:\users\michal\documents\visual studio 2017\projects\gameoflife — kopia\gameoflife\main.cpp(385): warning C4018: '<': signed/unsigned mismatch
c:\users\michal\documents\visual studio 2017\projects\gameoflife — kopia\gameoflife\main.cpp(386): warning C4018: '<': signed/unsigned mismatch
c:\users\michal\documents\visual studio 2017\projects\gameoflife — kopia\gameoflife\main.cpp(391): warning C4018: '<': signed/unsigned mismatch
c:\users\michal\documents\visual studio 2017\projects\gameoflife — kopia\gameoflife\main.cpp(917): warning C4244: 'argument': conversion from 'int' to 'T', possible loss of data
          with
          [
              T=float
          ]
c:\users\michal\documents\visual studio 2017\projects\gameoflife — kopia\gameoflife\main.cpp(1030): warning C4101: 'i': unreferenced local variable
c:\users\michal\documents\visual studio 2017\projects\gameoflife — kopia\gameoflife\main.cpp(1225): warning C4018: '<': signed/unsigned mismatch
c:\users\michal\documents\visual studio 2017\projects\gameoflife — kopia\gameoflife\main.cpp(1284): warning C4244: 'argument': conversion from 'time_t' to 'unsigned int', possible loss of data
c:\users\michal\documents\visual studio 2017\projects\gameoflife — kopia\gameoflife\main.cpp(1589): warning C4244: '=': conversion from 'T' to 'int', possible loss of data
          with
          [
              T=float
          ]
c:\users\michal\documents\visual studio 2017\projects\gameoflife — kopia\gameoflife\main.cpp(1590): warning C4244: '=': conversion from 'T' to 'int', possible loss of data
          with
          [
              T=float
          ]
c:\users\michal\documents\visual studio 2017\projects\gameoflife — kopia\gameoflife\main.cpp(1609): warning C4244: '=': conversion from 'T' to 'int', possible loss of data
          with
          [
              T=float
          ]
c:\users\michal\documents\visual studio 2017\projects\gameoflife — kopia\gameoflife\main.cpp(1610): warning C4244: '=': conversion from 'T' to 'int', possible loss of data
          with
          [
              T=float
          ]
c:\users\michal\documents\visual studio 2017\projects\gameoflife — kopia\gameoflife\main.cpp(2446): warning C4244: '=': conversion from 'T' to 'int', possible loss of data
          with
          [
              T=float
          ]
c:\users\michal\documents\visual studio 2017\projects\gameoflife — kopia\gameoflife\main.cpp(2447): warning C4244: '=': conversion from 'T' to 'int', possible loss of data
          with
          [
              T=float
          ]
c:\users\michal\documents\visual studio 2017\projects\gameoflife — kopia\gameoflife\main.cpp(2453): warning C4018: '<': signed/unsigned mismatch
  GameOfLife.vcxproj -> C:\Users\Michal\Documents\Visual Studio 2017\Projects\GameOfLife — kopia\Debug\GameOfLife.exe
